Per-Tile Stats
Tile ID                     Instructions           I$ Misses        Stall Cycles       Bubble Cycles        Total Cycles                 IPC    % of Kernel Cycles
======================================================================================================================================================================
1                                 467988                  90             2245307              120478             2833863              0.1651                 inf
======================================================================================================================================================================

Per-Tile Timing Stats
Relative Tile Coordinate (Y,X)                    instr               cycle                 IPC    Tile / Tag-Total (%)    Tile / Kernel-Total (%)
======================================================================================================================================================================
---------------------------------------------------------------------------  Tag 1   ---------------------------------------------------------------------------
3 , 0                                            467988             2833863              0.1651                5.80                 inf
======================================================================================================================================================================

Per-Tile Miss Stats
Miss Type                                          miss               total            hit rate
======================================================================================================================================================================
---------------------------------------------------------------------------  Tag 1   ---------------------------------------------------------------------------
miss_icache                                          90              467988                1.00
miss_beq                                          45610               58525                0.22
miss_bne                                           7600               60129                0.87
miss_blt                                           4096                4096                0.00
miss_bge                                           2752                4098                0.33
miss_bltu                                             0                   0                1.00
miss_bgeu                                             0                   0                1.00
miss_jalr                                             1                   1                0.00
miss_total                                        60149              467988                0.87
======================================================================================================================================================================

Per-Tile Stall Stats
Stall Type                                       Cycles   % of Stall Cycles   % of Total Cycles
======================================================================================================================================================================
---------------------------------------------------------------------------  Tag 1   ---------------------------------------------------------------------------
stall_fp_remote_load                                  0                0.00                0.00
stall_fp_local_load                                   0                0.00                0.00
stall_depend                                    2243958               99.94               79.18
  stall_depend_remote_load_dram                 2243958               99.94               79.18
  stall_depend_remote_load_global                     0                0.00                0.00
  stall_depend_remote_load_group                      0                0.00                0.00
  stall_depend_local_load                             0                0.00                0.00
stall_force_wb                                        0                0.00                0.00
stall_ifetch_wait                                  1312                0.06                0.05
stall_icache_store                                    0                0.00                0.00
stall_lr_aq                                           0                0.00                0.00
stall_md                                             37                0.00                0.00
stall_remote_req                                      0                0.00                0.00
stall_local_flw                                       0                0.00                0.00
stall_amo_aq                                          0                0.00                0.00
stall_amo_rl                                          0                0.00                0.00
stall_total                                     2245307              100.00               79.23
======================================================================================================================================================================
Per-Tile Bubble Stats
Bubble Type                                      Cycles        % of Bubbles   % of Total Cycles
======================================================================================================================================================================
---------------------------------------------------------------------------  Tag 1   ---------------------------------------------------------------------------
bubble_icache                                       360                0.30                0.01
bubble_branch_mispredict                         120116               99.70                4.24
bubble_jalr_mispredict                                2                0.00                0.00
bubble_total                                     120478              100.00                4.25
======================================================================================================================================================================
Instruction Stats
Instruction                                       Count   % of Instructions
======================================================================================================================================================================
---------------------------------------------------------------------------  Tag 1   ---------------------------------------------------------------------------
instr_fadd                                            0                0.00
instr_fsub                                            0                0.00
instr_fmul                                            0                0.00
instr_fsgnj                                           0                0.00
instr_fsgnjn                                          0                0.00
instr_fsgnjx                                          0                0.00
instr_fmin                                            0                0.00
instr_fmax                                            0                0.00
instr_fcvt_s_w                                        0                0.00
instr_fcvt_s_wu                                       0                0.00
instr_fmv_w_x                                         0                0.00
instr_feq                                             0                0.00
instr_flt                                             0                0.00
instr_fle                                             0                0.00
instr_fcvt_w_s                                        0                0.00
instr_fcvt_wu_s                                       0                0.00
instr_fclass                                          0                0.00
instr_fmv_x_w                                         0                0.00
instr_local_ld                                        9                0.00
instr_local_st                                        1                0.00
instr_remote_ld_dram                             122753               26.23
instr_remote_ld_global                                0                0.00
instr_remote_ld_group                                 0                0.00
instr_remote_st_dram                              15296                3.27
instr_remote_st_global                                1                0.00
instr_remote_st_group                                 0                0.00
instr_local_flw                                       0                0.00
instr_local_fsw                                       0                0.00
instr_remote_flw                                      0                0.00
instr_remote_fsw                                      0                0.00
instr_lr                                              0                0.00
instr_lr_aq                                           0                0.00
instr_amoswap                                         0                0.00
instr_amoor                                           0                0.00
instr_beq                                         58525               12.51
instr_bne                                         60129               12.85
instr_blt                                          4096                0.88
instr_bge                                          4098                0.88
instr_bltu                                            0                0.00
instr_bgeu                                            0                0.00
instr_jalr                                            1                0.00
instr_jal                                           366                0.08
instr_sll                                             0                0.00
instr_slli                                        64833               13.85
instr_srl                                             0                0.00
instr_srli                                            0                0.00
instr_sra                                             0                0.00
instr_srai                                            2                0.00
instr_add                                         70336               15.03
instr_addi                                        63435               13.55
instr_sub                                          4096                0.88
instr_lui                                             3                0.00
instr_auipc                                           0                0.00
instr_xor                                             0                0.00
instr_xori                                            0                0.00
instr_or                                              3                0.00
instr_ori                                             0                0.00
instr_and                                             3                0.00
instr_andi                                            1                0.00
instr_slt                                             0                0.00
instr_slti                                            0                0.00
instr_sltu                                            0                0.00
instr_sltiu                                           0                0.00
instr_mul                                             1                0.00
instr_mulh                                            0                0.00
instr_mulhsu                                          0                0.00
instr_mulhu                                           0                0.00
instr_div                                             0                0.00
instr_divu                                            0                0.00
instr_rem                                             0                0.00
instr_remu                                            0                0.00
instr_fence                                           0                0.00
instr_total                                      467988              100.00
======================================================================================================================================================================

