Per-Tile Stats
Tile ID                     Instructions           I$ Misses        Stall Cycles       Bubble Cycles        Total Cycles                 IPC    % of Kernel Cycles
======================================================================================================================================================================
1                                 157484                  93              781682               39502              978761              0.1609                 inf
======================================================================================================================================================================

Per-Tile Timing Stats
Relative Tile Coordinate (Y,X)                    instr               cycle                 IPC    Tile / Tag-Total (%)    Tile / Kernel-Total (%)
======================================================================================================================================================================
---------------------------------------------------------------------------  Tag 1   ---------------------------------------------------------------------------
1 , 1                                            157484              978761              0.1609                6.29                 inf
======================================================================================================================================================================

Per-Tile Miss Stats
Miss Type                                          miss               total            hit rate
======================================================================================================================================================================
---------------------------------------------------------------------------  Tag 1   ---------------------------------------------------------------------------
miss_icache                                          93              157484                1.00
miss_beq                                          14462               23130                0.37
miss_bne                                            567               15196                0.96
miss_blt                                           2947                2947                0.00
miss_bge                                           1588                2949                0.46
miss_bltu                                             0                   0                1.00
miss_bgeu                                             0                   0                1.00
miss_jalr                                             1                   1                0.00
miss_total                                        19658              157484                0.88
======================================================================================================================================================================

Per-Tile Stall Stats
Stall Type                                       Cycles   % of Stall Cycles   % of Total Cycles
======================================================================================================================================================================
---------------------------------------------------------------------------  Tag 1   ---------------------------------------------------------------------------
stall_fp_remote_load                                  0                0.00                0.00
stall_fp_local_load                                   0                0.00                0.00
stall_depend                                     779970               99.78               79.69
  stall_depend_remote_load_dram                  779970               99.78               79.69
  stall_depend_remote_load_global                     0                0.00                0.00
  stall_depend_remote_load_group                      0                0.00                0.00
  stall_depend_local_load                             0                0.00                0.00
stall_force_wb                                        0                0.00                0.00
stall_ifetch_wait                                  1675                0.21                0.17
stall_icache_store                                    0                0.00                0.00
stall_lr_aq                                           0                0.00                0.00
stall_md                                             37                0.00                0.00
stall_remote_req                                      0                0.00                0.00
stall_local_flw                                       0                0.00                0.00
stall_amo_aq                                          0                0.00                0.00
stall_amo_rl                                          0                0.00                0.00
stall_total                                      781682              100.00               79.86
======================================================================================================================================================================
Per-Tile Bubble Stats
Bubble Type                                      Cycles        % of Bubbles   % of Total Cycles
======================================================================================================================================================================
---------------------------------------------------------------------------  Tag 1   ---------------------------------------------------------------------------
bubble_icache                                       372                0.94                0.04
bubble_branch_mispredict                          39128               99.05                4.00
bubble_jalr_mispredict                                2                0.01                0.00
bubble_total                                      39502              100.00                4.04
======================================================================================================================================================================
Instruction Stats
Instruction                                       Count   % of Instructions
======================================================================================================================================================================
---------------------------------------------------------------------------  Tag 1   ---------------------------------------------------------------------------
instr_fadd                                            0                0.00
instr_fsub                                            0                0.00
instr_fmul                                            0                0.00
instr_fsgnj                                           0                0.00
instr_fsgnjn                                          0                0.00
instr_fsgnjx                                          0                0.00
instr_fmin                                            0                0.00
instr_fmax                                            0                0.00
instr_fcvt_s_w                                        0                0.00
instr_fcvt_s_wu                                       0                0.00
instr_fmv_w_x                                         0                0.00
instr_feq                                             0                0.00
instr_flt                                             0                0.00
instr_fle                                             0                0.00
instr_fcvt_w_s                                        0                0.00
instr_fcvt_wu_s                                       0                0.00
instr_fclass                                          0                0.00
instr_fmv_x_w                                         0                0.00
instr_local_ld                                        9                0.01
instr_local_st                                        1                0.00
instr_remote_ld_dram                              40127               25.48
instr_remote_ld_global                                0                0.00
instr_remote_ld_group                                 0                0.00
instr_remote_st_dram                               1132                0.72
instr_remote_st_global                                1                0.00
instr_remote_st_group                                 0                0.00
instr_local_flw                                       0                0.00
instr_local_fsw                                       0                0.00
instr_remote_flw                                      0                0.00
instr_remote_fsw                                      0                0.00
instr_lr                                              0                0.00
instr_lr_aq                                           0                0.00
instr_amoswap                                         0                0.00
instr_amoor                                           0                0.00
instr_beq                                         23130               14.69
instr_bne                                         15196                9.65
instr_blt                                          2947                1.87
instr_bge                                          2949                1.87
instr_bltu                                            0                0.00
instr_bgeu                                            0                0.00
instr_jalr                                            1                0.00
instr_jal                                           201                0.13
instr_sll                                             0                0.00
instr_slli                                        21192               13.46
instr_srl                                             0                0.00
instr_srli                                            0                0.00
instr_sra                                             0                0.00
instr_srai                                            2                0.00
instr_add                                         24367               15.47
instr_addi                                        23271               14.78
instr_sub                                          2947                1.87
instr_lui                                             3                0.00
instr_auipc                                           0                0.00
instr_xor                                             0                0.00
instr_xori                                            0                0.00
instr_or                                              3                0.00
instr_ori                                             0                0.00
instr_and                                             3                0.00
instr_andi                                            1                0.00
instr_slt                                             0                0.00
instr_slti                                            0                0.00
instr_sltu                                            0                0.00
instr_sltiu                                           0                0.00
instr_mul                                             1                0.00
instr_mulh                                            0                0.00
instr_mulhsu                                          0                0.00
instr_mulhu                                           0                0.00
instr_div                                             0                0.00
instr_divu                                            0                0.00
instr_rem                                             0                0.00
instr_remu                                            0                0.00
instr_fence                                           0                0.00
instr_total                                      157484              100.00
======================================================================================================================================================================

