Per-Tile Stats
Tile ID                     Instructions           I$ Misses        Stall Cycles       Bubble Cycles        Total Cycles                 IPC    % of Kernel Cycles
======================================================================================================================================================================
1                                 162388                  96              866302               40866             1069652              0.1518                 inf
======================================================================================================================================================================

Per-Tile Timing Stats
Relative Tile Coordinate (Y,X)                    instr               cycle                 IPC    Tile / Tag-Total (%)    Tile / Kernel-Total (%)
======================================================================================================================================================================
---------------------------------------------------------------------------  Tag 1   ---------------------------------------------------------------------------
1 , 0                                            162388             1069652              0.1518                6.88                 inf
======================================================================================================================================================================

Per-Tile Miss Stats
Miss Type                                          miss               total            hit rate
======================================================================================================================================================================
---------------------------------------------------------------------------  Tag 1   ---------------------------------------------------------------------------
miss_icache                                          96              162388                1.00
miss_beq                                          15027               23772                0.37
miss_bne                                            632               15844                0.96
miss_blt                                           2946                2946                0.00
miss_bge                                           1635                2948                0.45
miss_bltu                                             0                   0                1.00
miss_bgeu                                             0                   0                1.00
miss_jalr                                             1                   1                0.00
miss_total                                        20337              162388                0.87
======================================================================================================================================================================

Per-Tile Stall Stats
Stall Type                                       Cycles   % of Stall Cycles   % of Total Cycles
======================================================================================================================================================================
---------------------------------------------------------------------------  Tag 1   ---------------------------------------------------------------------------
stall_fp_remote_load                                  0                0.00                0.00
stall_fp_local_load                                   0                0.00                0.00
stall_depend                                     864441               99.79               80.82
  stall_depend_remote_load_dram                  864441               99.79               80.82
  stall_depend_remote_load_global                     0                0.00                0.00
  stall_depend_remote_load_group                      0                0.00                0.00
  stall_depend_local_load                             0                0.00                0.00
stall_force_wb                                        0                0.00                0.00
stall_ifetch_wait                                  1824                0.21                0.17
stall_icache_store                                    0                0.00                0.00
stall_lr_aq                                           0                0.00                0.00
stall_md                                             37                0.00                0.00
stall_remote_req                                      0                0.00                0.00
stall_local_flw                                       0                0.00                0.00
stall_amo_aq                                          0                0.00                0.00
stall_amo_rl                                          0                0.00                0.00
stall_total                                      866302              100.00               80.99
======================================================================================================================================================================
Per-Tile Bubble Stats
Bubble Type                                      Cycles        % of Bubbles   % of Total Cycles
======================================================================================================================================================================
---------------------------------------------------------------------------  Tag 1   ---------------------------------------------------------------------------
bubble_icache                                       384                0.94                0.04
bubble_branch_mispredict                          40480               99.06                3.78
bubble_jalr_mispredict                                2                0.00                0.00
bubble_total                                      40866              100.00                3.82
======================================================================================================================================================================
Instruction Stats
Instruction                                       Count   % of Instructions
======================================================================================================================================================================
---------------------------------------------------------------------------  Tag 1   ---------------------------------------------------------------------------
instr_fadd                                            0                0.00
instr_fsub                                            0                0.00
instr_fmul                                            0                0.00
instr_fsgnj                                           0                0.00
instr_fsgnjn                                          0                0.00
instr_fsgnjx                                          0                0.00
instr_fmin                                            0                0.00
instr_fmax                                            0                0.00
instr_fcvt_s_w                                        0                0.00
instr_fcvt_s_wu                                       0                0.00
instr_fmv_w_x                                         0                0.00
instr_feq                                             0                0.00
instr_flt                                             0                0.00
instr_fle                                             0                0.00
instr_fcvt_w_s                                        0                0.00
instr_fcvt_wu_s                                       0                0.00
instr_fclass                                          0                0.00
instr_fmv_x_w                                         0                0.00
instr_local_ld                                        9                0.01
instr_local_st                                        1                0.00
instr_remote_ld_dram                              41415               25.50
instr_remote_ld_global                                0                0.00
instr_remote_ld_group                                 0                0.00
instr_remote_st_dram                               1230                0.76
instr_remote_st_global                                1                0.00
instr_remote_st_group                                 0                0.00
instr_local_flw                                       0                0.00
instr_local_fsw                                       0                0.00
instr_remote_flw                                      0                0.00
instr_remote_fsw                                      0                0.00
instr_lr                                              0                0.00
instr_lr_aq                                           0                0.00
instr_amoswap                                         0                0.00
instr_amoor                                           0                0.00
instr_beq                                         23772               14.64
instr_bne                                         15844                9.76
instr_blt                                          2946                1.81
instr_bge                                          2948                1.82
instr_bltu                                            0                0.00
instr_bgeu                                            0                0.00
instr_jalr                                            1                0.00
instr_jal                                           217                0.13
instr_sll                                             0                0.00
instr_slli                                        21930               13.50
instr_srl                                             0                0.00
instr_srli                                            0                0.00
instr_sra                                             0                0.00
instr_srai                                            2                0.00
instr_add                                         25199               15.52
instr_addi                                        23916               14.73
instr_sub                                          2946                1.81
instr_lui                                             3                0.00
instr_auipc                                           0                0.00
instr_xor                                             0                0.00
instr_xori                                            0                0.00
instr_or                                              3                0.00
instr_ori                                             0                0.00
instr_and                                             3                0.00
instr_andi                                            1                0.00
instr_slt                                             0                0.00
instr_slti                                            0                0.00
instr_sltu                                            0                0.00
instr_sltiu                                           0                0.00
instr_mul                                             1                0.00
instr_mulh                                            0                0.00
instr_mulhsu                                          0                0.00
instr_mulhu                                           0                0.00
instr_div                                             0                0.00
instr_divu                                            0                0.00
instr_rem                                             0                0.00
instr_remu                                            0                0.00
instr_fence                                           0                0.00
instr_total                                      162388              100.00
======================================================================================================================================================================

