Per-Tile Stats
Tile ID                     Instructions           I$ Misses        Stall Cycles       Bubble Cycles        Total Cycles                 IPC    % of Kernel Cycles
======================================================================================================================================================================
1                                 159128                  96              679660               39958              878842              0.1811                 inf
======================================================================================================================================================================

Per-Tile Timing Stats
Relative Tile Coordinate (Y,X)                    instr               cycle                 IPC    Tile / Tag-Total (%)    Tile / Kernel-Total (%)
======================================================================================================================================================================
---------------------------------------------------------------------------  Tag 1   ---------------------------------------------------------------------------
2 , 2                                            159128              878842              0.1811                5.65                 inf
======================================================================================================================================================================

Per-Tile Miss Stats
Miss Type                                          miss               total            hit rate
======================================================================================================================================================================
---------------------------------------------------------------------------  Tag 1   ---------------------------------------------------------------------------
miss_icache                                          96              159128                1.00
miss_beq                                          14624               23306                0.37
miss_bne                                            606               15430                0.96
miss_blt                                           2921                2921                0.00
miss_bge                                           1635                2923                0.44
miss_bltu                                             0                   0                1.00
miss_bgeu                                             0                   0                1.00
miss_jalr                                             1                   1                0.00
miss_total                                        19883              159128                0.88
======================================================================================================================================================================

Per-Tile Stall Stats
Stall Type                                       Cycles   % of Stall Cycles   % of Total Cycles
======================================================================================================================================================================
---------------------------------------------------------------------------  Tag 1   ---------------------------------------------------------------------------
stall_fp_remote_load                                  0                0.00                0.00
stall_fp_local_load                                   0                0.00                0.00
stall_depend                                     678257               99.79               77.18
  stall_depend_remote_load_dram                  678257               99.79               77.18
  stall_depend_remote_load_global                     0                0.00                0.00
  stall_depend_remote_load_group                      0                0.00                0.00
  stall_depend_local_load                             0                0.00                0.00
stall_force_wb                                        0                0.00                0.00
stall_ifetch_wait                                  1366                0.20                0.16
stall_icache_store                                    0                0.00                0.00
stall_lr_aq                                           0                0.00                0.00
stall_md                                             37                0.01                0.00
stall_remote_req                                      0                0.00                0.00
stall_local_flw                                       0                0.00                0.00
stall_amo_aq                                          0                0.00                0.00
stall_amo_rl                                          0                0.00                0.00
stall_total                                      679660              100.00               77.34
======================================================================================================================================================================
Per-Tile Bubble Stats
Bubble Type                                      Cycles        % of Bubbles   % of Total Cycles
======================================================================================================================================================================
---------------------------------------------------------------------------  Tag 1   ---------------------------------------------------------------------------
bubble_icache                                       384                0.96                0.04
bubble_branch_mispredict                          39572               99.03                4.50
bubble_jalr_mispredict                                2                0.01                0.00
bubble_total                                      39958              100.00                4.55
======================================================================================================================================================================
Instruction Stats
Instruction                                       Count   % of Instructions
======================================================================================================================================================================
---------------------------------------------------------------------------  Tag 1   ---------------------------------------------------------------------------
instr_fadd                                            0                0.00
instr_fsub                                            0                0.00
instr_fmul                                            0                0.00
instr_fsgnj                                           0                0.00
instr_fsgnjn                                          0                0.00
instr_fsgnjx                                          0                0.00
instr_fmin                                            0                0.00
instr_fmax                                            0                0.00
instr_fcvt_s_w                                        0                0.00
instr_fcvt_s_wu                                       0                0.00
instr_fmv_w_x                                         0                0.00
instr_feq                                             0                0.00
instr_flt                                             0                0.00
instr_fle                                             0                0.00
instr_fcvt_w_s                                        0                0.00
instr_fcvt_wu_s                                       0                0.00
instr_fclass                                          0                0.00
instr_fmv_x_w                                         0                0.00
instr_local_ld                                        9                0.01
instr_local_st                                        1                0.00
instr_remote_ld_dram                              40485               25.44
instr_remote_ld_global                                0                0.00
instr_remote_ld_group                                 0                0.00
instr_remote_st_dram                               1232                0.77
instr_remote_st_global                                1                0.00
instr_remote_st_group                                 0                0.00
instr_local_flw                                       0                0.00
instr_local_fsw                                       0                0.00
instr_remote_flw                                      0                0.00
instr_remote_fsw                                      0                0.00
instr_lr                                              0                0.00
instr_lr_aq                                           0                0.00
instr_amoswap                                         0                0.00
instr_amoor                                           0                0.00
instr_beq                                         23306               14.65
instr_bne                                         15430                9.70
instr_blt                                          2921                1.84
instr_bge                                          2923                1.84
instr_bltu                                            0                0.00
instr_bgeu                                            0                0.00
instr_jalr                                            1                0.00
instr_jal                                           210                0.13
instr_sll                                             0                0.00
instr_slli                                        21465               13.49
instr_srl                                             0                0.00
instr_srli                                            0                0.00
instr_sra                                             0                0.00
instr_srai                                            2                0.00
instr_add                                         24734               15.54
instr_addi                                        23476               14.75
instr_sub                                          2921                1.84
instr_lui                                             3                0.00
instr_auipc                                           0                0.00
instr_xor                                             0                0.00
instr_xori                                            0                0.00
instr_or                                              3                0.00
instr_ori                                             0                0.00
instr_and                                             3                0.00
instr_andi                                            1                0.00
instr_slt                                             0                0.00
instr_slti                                            0                0.00
instr_sltu                                            0                0.00
instr_sltiu                                           0                0.00
instr_mul                                             1                0.00
instr_mulh                                            0                0.00
instr_mulhsu                                          0                0.00
instr_mulhu                                           0                0.00
instr_div                                             0                0.00
instr_divu                                            0                0.00
instr_rem                                             0                0.00
instr_remu                                            0                0.00
instr_fence                                           0                0.00
instr_total                                      159128              100.00
======================================================================================================================================================================

