Per-Tile-Group Tag Stats
Tag ID                 Aggr Instructions      Aggr I$ Misses   Aggr Stall Cycles  Aggr Bubble Cycles   Aggr Total Cycles    Abs Total Cycles                 IPC    % of Kernel Cycles
======================================================================================================================================================================================
1                               11228729                1398            64001050             1418824            76649223             4794591              0.1465                 inf
======================================================================================================================================================================================

Per-Tile-Group Timing Stats
Tile Group ID                         Aggr Instructions   Aggr Total Cycles     Abs Total Cycle                 IPC   TG / Tag-Total (%)   TG / Kernel-Total(%)
======================================================================================================================================================================================
-----------------------------------------------------------------------------------  Tag 1         -----------------------------------------------------------------------------------
0                                              11228729            76649223             4794591              0.1465              100.00                 inf
======================================================================================================================================================================================

Per-Tile-Group Miss Stats
Miss Type                                        Misses            Accesses        Hit Rate (%)
======================================================================================================================================================================================
-----------------------------------------------------------------------------------  Tag 1         -----------------------------------------------------------------------------------
miss_icache                                        1398            11228729               99.99
miss_beq                                         706314             1050266               32.75
miss_bne                                            111             1050054               99.99
miss_blt                                             16                  38               57.89
miss_bge                                             96             1754858               99.99
miss_bltu                                            16                  32               50.00
miss_bgeu                                            15                  37               59.46
miss_jalr                                            48                  64               25.00
miss_total                                       708014            11228729               93.69
======================================================================================================================================================================================

Per-Tile-Group Stall Stats
Stall Type                                       Cycles   % of Stall Cycles   % of Total Cycles
======================================================================================================================================================================================
-----------------------------------------------------------------------------------  Tag 1         -----------------------------------------------------------------------------------
stall_fp_remote_load                                  0                0.00                0.00
stall_fp_local_load                                   0                0.00                0.00
stall_depend                                   63978772               99.97               83.47
  stall_depend_remote_load_dram                63964037               99.94               83.45
  stall_depend_remote_load_global                 14687                0.02                0.02
  stall_depend_remote_load_group                      0                0.00                0.00
  stall_depend_local_load                            48                0.00                0.00
stall_force_wb                                        0                0.00                0.00
stall_ifetch_wait                                 19169                0.03                0.03
stall_icache_store                                    0                0.00                0.00
stall_lr_aq                                           0                0.00                0.00
stall_md                                           2314                0.00                0.00
stall_remote_req                                     42                0.00                0.00
stall_local_flw                                       0                0.00                0.00
stall_amo_aq                                          0                0.00                0.00
stall_amo_rl                                        753                0.00                0.00
stall_total                                    64001050              100.00               83.50
======================================================================================================================================================================================

Per-Tile-Group Bubble Stats
Bubble Type                                      Cycles        % of Bubbles   % of Total Cycles
======================================================================================================================================================================================
-----------------------------------------------------------------------------------  Tag 1         -----------------------------------------------------------------------------------
bubble_icache                                      5592                0.39                0.01
bubble_branch_mispredict                        1413136               99.60                1.84
bubble_jalr_mispredict                               96                0.01                0.00
bubble_total                                    1418824              100.00                1.85
======================================================================================================================================================================================

Per-Tile-Group Instruction Stats
Instruction                                       Count   % of Instructions
======================================================================================================================================================================================
-----------------------------------------------------------------------------------  Tag 1         -----------------------------------------------------------------------------------
instr_fadd                                            0                0.00
instr_fsub                                            0                0.00
instr_fmul                                            0                0.00
instr_fsgnj                                           0                0.00
instr_fsgnjn                                          0                0.00
instr_fsgnjx                                          0                0.00
instr_fmin                                            0                0.00
instr_fmax                                            0                0.00
instr_fcvt_s_w                                        0                0.00
instr_fcvt_s_wu                                       0                0.00
instr_fmv_w_x                                         0                0.00
instr_feq                                             0                0.00
instr_flt                                             0                0.00
instr_fle                                             0                0.00
instr_fcvt_w_s                                        0                0.00
instr_fcvt_wu_s                                       0                0.00
instr_fclass                                          0                0.00
instr_fmv_x_w                                         0                0.00
instr_local_ld                                     1276                0.01
instr_local_st                                     1404                0.01
instr_remote_ld_dram                            2461705               21.92
instr_remote_ld_global                              778                0.01
instr_remote_ld_group                                 0                0.00
instr_remote_st_dram                                  0                0.00
instr_remote_st_global                              742                0.01
instr_remote_st_group                                 0                0.00
instr_local_flw                                       0                0.00
instr_local_fsw                                       0                0.00
instr_remote_flw                                      0                0.00
instr_remote_fsw                                      0                0.00
instr_lr                                              0                0.00
instr_lr_aq                                           0                0.00
instr_amoswap                                       810                0.01
instr_amoor                                           0                0.00
instr_beq                                       1050266                9.35
instr_bne                                       1050054                9.35
instr_blt                                            38                0.00
instr_bge                                       1754858               15.63
instr_bltu                                           32                0.00
instr_bgeu                                           37                0.00
instr_jalr                                           64                0.00
instr_jal                                           143                0.00
instr_sll                                             0                0.00
instr_slli                                           80                0.00
instr_srl                                             0                0.00
instr_srli                                            0                0.00
instr_sra                                             0                0.00
instr_srai                                           32                0.00
instr_add                                           988                0.01
instr_addi                                      4198404               37.39
instr_sub                                        706272                6.29
instr_lui                                           368                0.00
instr_auipc                                           0                0.00
instr_xor                                             0                0.00
instr_xori                                            0                0.00
instr_or                                             48                0.00
instr_ori                                            16                0.00
instr_and                                            48                0.00
instr_andi                                          208                0.00
instr_slt                                             0                0.00
instr_slti                                            0                0.00
instr_sltu                                            0                0.00
instr_sltiu                                           0                0.00
instr_mul                                            16                0.00
instr_mulh                                            0                0.00
instr_mulhsu                                          0                0.00
instr_mulhu                                           0                0.00
instr_div                                             0                0.00
instr_divu                                           21                0.00
instr_rem                                             0                0.00
instr_remu                                           21                0.00
instr_fence                                           0                0.00
instr_total                                    11228729              100.00
======================================================================================================================================================================================

