Per-Tile-Group Tag Stats
TG ID                       Instructions           I$ Misses        Stall Cycles       Bubble Cycles        Total Cycles                 IPC    % of Kernel Cycles
======================================================================================================================================================================
1                                7673926                1465            39238646             1980688            48894725              0.1569                 inf
======================================================================================================================================================================

Per-Tile-Group Timing Stats
Tile Group ID                              Instructions              Cycles                 IPC    TG / Tag-Total (%)    TG / Kernel-Total(%)
======================================================================================================================================================================
---------------------------------------------------------------------------  Tag 1   ---------------------------------------------------------------------------
0                                               7673926            48894725              0.1569              100.00                 inf
======================================================================================================================================================================

Per-Tile-Group Miss Stats
Miss Type                                        Misses            Accesses        Hit Rate (%)
======================================================================================================================================================================
---------------------------------------------------------------------------  Tag 1   ---------------------------------------------------------------------------
miss_icache                                        1465             7673926               99.98
miss_beq                                         754110              961307               21.55
miss_bne                                         123405              988962               87.52
miss_blt                                          65535               65536                0.00
miss_bge                                          44348               65568               32.36
miss_bltu                                             0                   0              100.00
miss_bgeu                                             0                   0              100.00
miss_jalr                                            16                  16                0.00
miss_total                                       988879             7673926               87.11
======================================================================================================================================================================

Per-Tile-Group Stall Stats
Stall Type                                       Cycles   % of Stall Cycles   % of Total Cycles
======================================================================================================================================================================
---------------------------------------------------------------------------  Tag 1   ---------------------------------------------------------------------------
stall_fp_remote_load                                  0                0.00                0.00
stall_fp_local_load                                   0                0.00                0.00
stall_depend                                   39214271               99.94               80.20
  stall_depend_remote_load_dram                39214271               99.94               80.20
  stall_depend_remote_load_global                     0                0.00                0.00
  stall_depend_remote_load_group                      0                0.00                0.00
  stall_depend_local_load                             0                0.00                0.00
stall_force_wb                                        0                0.00                0.00
stall_ifetch_wait                                 23714                0.06                0.05
stall_icache_store                                    0                0.00                0.00
stall_lr_aq                                           0                0.00                0.00
stall_md                                            592                0.00                0.00
stall_remote_req                                     69                0.00                0.00
stall_local_flw                                       0                0.00                0.00
stall_amo_aq                                          0                0.00                0.00
stall_amo_rl                                          0                0.00                0.00
stall_total                                    39238646              100.00               80.25
======================================================================================================================================================================

Per-Tile-Group Bubble Stats
Bubble Type                                      Cycles        % of Bubbles   % of Total Cycles
======================================================================================================================================================================
---------------------------------------------------------------------------  Tag 1   ---------------------------------------------------------------------------
bubble_icache                                      5860                0.30                0.01
bubble_branch_mispredict                        1974796               99.70                4.04
bubble_jalr_mispredict                               32                0.00                0.00
bubble_total                                    1980688              100.00                4.05
======================================================================================================================================================================

Per-Tile-Group Instruction Stats
Instruction                                       Count   % of Instructions
======================================================================================================================================================================
---------------------------------------------------------------------------  Tag 1   ---------------------------------------------------------------------------
instr_fadd                                            0                0.00
instr_fsub                                            0                0.00
instr_fmul                                            0                0.00
instr_fsgnj                                           0                0.00
instr_fsgnjn                                          0                0.00
instr_fsgnjx                                          0                0.00
instr_fmin                                            0                0.00
instr_fmax                                            0                0.00
instr_fcvt_s_w                                        0                0.00
instr_fcvt_s_wu                                       0                0.00
instr_fmv_w_x                                         0                0.00
instr_feq                                             0                0.00
instr_flt                                             0                0.00
instr_fle                                             0                0.00
instr_fcvt_w_s                                        0                0.00
instr_fcvt_wu_s                                       0                0.00
instr_fclass                                          0                0.00
instr_fmv_x_w                                         0                0.00
instr_local_ld                                      144                0.00
instr_local_st                                       16                0.00
instr_remote_ld_dram                            2015851               26.27
instr_remote_ld_global                                0                0.00
instr_remote_ld_group                                 0                0.00
instr_remote_st_dram                             247360                3.22
instr_remote_st_global                               16                0.00
instr_remote_st_group                                 0                0.00
instr_local_flw                                       0                0.00
instr_local_fsw                                       0                0.00
instr_remote_flw                                      0                0.00
instr_remote_fsw                                      0                0.00
instr_lr                                              0                0.00
instr_lr_aq                                           0                0.00
instr_amoswap                                         0                0.00
instr_amoor                                           0                0.00
instr_beq                                        961307               12.53
instr_bne                                        988962               12.89
instr_blt                                         65536                0.85
instr_bge                                         65568                0.85
instr_bltu                                            0                0.00
instr_bgeu                                            0                0.00
instr_jalr                                           16                0.00
instr_jal                                          6140                0.08
instr_sll                                             0                0.00
instr_slli                                      1063862               13.86
instr_srl                                             0                0.00
instr_srli                                            0                0.00
instr_sra                                             0                0.00
instr_srai                                           32                0.00
instr_add                                       1152542               15.02
instr_addi                                      1040862               13.56
instr_sub                                         65536                0.85
instr_lui                                            48                0.00
instr_auipc                                           0                0.00
instr_xor                                             0                0.00
instr_xori                                            0                0.00
instr_or                                             48                0.00
instr_ori                                             0                0.00
instr_and                                            48                0.00
instr_andi                                           16                0.00
instr_slt                                             0                0.00
instr_slti                                            0                0.00
instr_sltu                                            0                0.00
instr_sltiu                                           0                0.00
instr_mul                                            16                0.00
instr_mulh                                            0                0.00
instr_mulhsu                                          0                0.00
instr_mulhu                                           0                0.00
instr_div                                             0                0.00
instr_divu                                            0                0.00
instr_rem                                             0                0.00
instr_remu                                            0                0.00
instr_fence                                           0                0.00
instr_total                                     7673926              100.00
======================================================================================================================================================================

