Per-Tile-Group Tag Stats
TG ID                       Instructions           I$ Misses        Stall Cycles       Bubble Cycles        Total Cycles                 IPC    % of Kernel Cycles
======================================================================================================================================================================
1                                2618076                1500            12272186              659880            15551642              0.1683                 inf
======================================================================================================================================================================

Per-Tile-Group Timing Stats
Tile Group ID                              Instructions              Cycles                 IPC    TG / Tag-Total (%)    TG / Kernel-Total(%)
======================================================================================================================================================================
---------------------------------------------------------------------------  Tag 1   ---------------------------------------------------------------------------
0                                               2618076            15551642              0.1683              100.00                 inf
======================================================================================================================================================================

Per-Tile-Group Miss Stats
Miss Type                                        Misses            Accesses        Hit Rate (%)
======================================================================================================================================================================
---------------------------------------------------------------------------  Tag 1   ---------------------------------------------------------------------------
miss_icache                                        1500             2618076               99.94
miss_beq                                         244384              383377               36.25
miss_bne                                           9704              257111               96.23
miss_blt                                          47012               47012                0.00
miss_bge                                          25824               47044               45.11
miss_bltu                                             0                   0              100.00
miss_bgeu                                             0                   0              100.00
miss_jalr                                            16                  16                0.00
miss_total                                       328440             2618076               87.45
======================================================================================================================================================================

Per-Tile-Group Stall Stats
Stall Type                                       Cycles   % of Stall Cycles   % of Total Cycles
======================================================================================================================================================================
---------------------------------------------------------------------------  Tag 1   ---------------------------------------------------------------------------
stall_fp_remote_load                                  0                0.00                0.00
stall_fp_local_load                                   0                0.00                0.00
stall_depend                                   12247134               99.80               78.75
  stall_depend_remote_load_dram                12247134               99.80               78.75
  stall_depend_remote_load_global                     0                0.00                0.00
  stall_depend_remote_load_group                      0                0.00                0.00
  stall_depend_local_load                             0                0.00                0.00
stall_force_wb                                        0                0.00                0.00
stall_ifetch_wait                                 24460                0.20                0.16
stall_icache_store                                    0                0.00                0.00
stall_lr_aq                                           0                0.00                0.00
stall_md                                            592                0.00                0.00
stall_remote_req                                      0                0.00                0.00
stall_local_flw                                       0                0.00                0.00
stall_amo_aq                                          0                0.00                0.00
stall_amo_rl                                          0                0.00                0.00
stall_total                                    12272186              100.00               78.91
======================================================================================================================================================================

Per-Tile-Group Bubble Stats
Bubble Type                                      Cycles        % of Bubbles   % of Total Cycles
======================================================================================================================================================================
---------------------------------------------------------------------------  Tag 1   ---------------------------------------------------------------------------
bubble_icache                                      6000                0.91                0.04
bubble_branch_mispredict                         653848               99.09                4.20
bubble_jalr_mispredict                               32                0.00                0.00
bubble_total                                     659880              100.00                4.24
======================================================================================================================================================================

Per-Tile-Group Instruction Stats
Instruction                                       Count   % of Instructions
======================================================================================================================================================================
---------------------------------------------------------------------------  Tag 1   ---------------------------------------------------------------------------
instr_fadd                                            0                0.00
instr_fsub                                            0                0.00
instr_fmul                                            0                0.00
instr_fsgnj                                           0                0.00
instr_fsgnjn                                          0                0.00
instr_fsgnjx                                          0                0.00
instr_fmin                                            0                0.00
instr_fmax                                            0                0.00
instr_fcvt_s_w                                        0                0.00
instr_fcvt_s_wu                                       0                0.00
instr_fmv_w_x                                         0                0.00
instr_feq                                             0                0.00
instr_flt                                             0                0.00
instr_fle                                             0                0.00
instr_fcvt_w_s                                        0                0.00
instr_fcvt_wu_s                                       0                0.00
instr_fclass                                          0                0.00
instr_fmv_x_w                                         0                0.00
instr_local_ld                                      144                0.01
instr_local_st                                       16                0.00
instr_remote_ld_dram                             669024               25.55
instr_remote_ld_global                                0                0.00
instr_remote_ld_group                                 0                0.00
instr_remote_st_dram                              19342                0.74
instr_remote_st_global                               16                0.00
instr_remote_st_group                                 0                0.00
instr_local_flw                                       0                0.00
instr_local_fsw                                       0                0.00
instr_remote_flw                                      0                0.00
instr_remote_fsw                                      0                0.00
instr_lr                                              0                0.00
instr_lr_aq                                           0                0.00
instr_amoswap                                         0                0.00
instr_amoor                                           0                0.00
instr_beq                                        383377               14.64
instr_bne                                        257111                9.82
instr_blt                                         47012                1.80
instr_bge                                         47044                1.80
instr_bltu                                            0                0.00
instr_bgeu                                            0                0.00
instr_jalr                                           16                0.00
instr_jal                                          3350                0.13
instr_sll                                             0                0.00
instr_slli                                       353400               13.50
instr_srl                                             0                0.00
instr_srli                                            0                0.00
instr_sra                                             0                0.00
instr_srai                                           32                0.00
instr_add                                        405032               15.47
instr_addi                                       385972               14.74
instr_sub                                         47012                1.80
instr_lui                                            48                0.00
instr_auipc                                           0                0.00
instr_xor                                             0                0.00
instr_xori                                            0                0.00
instr_or                                             48                0.00
instr_ori                                             0                0.00
instr_and                                            48                0.00
instr_andi                                           16                0.00
instr_slt                                             0                0.00
instr_slti                                            0                0.00
instr_sltu                                            0                0.00
instr_sltiu                                           0                0.00
instr_mul                                            16                0.00
instr_mulh                                            0                0.00
instr_mulhsu                                          0                0.00
instr_mulhu                                           0                0.00
instr_div                                             0                0.00
instr_divu                                            0                0.00
instr_rem                                             0                0.00
instr_remu                                            0                0.00
instr_fence                                           0                0.00
instr_total                                     2618076              100.00
======================================================================================================================================================================

