Per-Tile Stats
Tag ID                 Aggr Instructions      Aggr I$ Misses   Aggr Stall Cycles  Aggr Bubble Cycles   Aggr Total Cycles    Abs Total Cycles                 IPC    % of Kernel Cycles
======================================================================================================================================================================================
1                                 701747                  88             3999232               88692             4789740             4789740              0.1465                 inf
======================================================================================================================================================================================

Per-Tile Timing Stats
Relative Tile Coordinate (Y,X)                    instr               cycle                 IPC    Tile / Tag-Total (%)    Tile / Kernel-Total (%)
======================================================================================================================================================================================
-----------------------------------------------------------------------------------  Tag 1         -----------------------------------------------------------------------------------
4 , 3                                            701747             4789740              0.1465                6.25                 inf
======================================================================================================================================================================================

Per-Tile Miss Stats
Miss Type                                          miss               total            hit rate
======================================================================================================================================================================================
-----------------------------------------------------------------------------------  Tag 1         -----------------------------------------------------------------------------------
miss_icache                                          88              701747                1.00
miss_beq                                          44151               65612                0.33
miss_bne                                              7               65629                1.00
miss_blt                                              1                   3                0.67
miss_bge                                              6              109685                1.00
miss_bltu                                             1                   2                0.50
miss_bgeu                                             1                   3                0.67
miss_jalr                                             3                   4                0.25
miss_total                                        44258              701747                0.94
======================================================================================================================================================================================

Per-Tile Stall Stats
Stall Type                                       Cycles   % of Stall Cycles   % of Total Cycles
======================================================================================================================================================================================
-----------------------------------------------------------------------------------  Tag 1         -----------------------------------------------------------------------------------
stall_fp_remote_load                                  0                0.00                0.00
stall_fp_local_load                                   0                0.00                0.00
stall_depend                                    3997821               99.96               83.47
  stall_depend_remote_load_dram                 3997351               99.95               83.46
  stall_depend_remote_load_global                   467                0.01                0.01
  stall_depend_remote_load_group                      0                0.00                0.00
  stall_depend_local_load                             3                0.00                0.00
stall_force_wb                                        0                0.00                0.00
stall_ifetch_wait                                  1173                0.03                0.02
stall_icache_store                                    0                0.00                0.00
stall_lr_aq                                           0                0.00                0.00
stall_md                                            201                0.01                0.00
stall_remote_req                                      0                0.00                0.00
stall_local_flw                                       0                0.00                0.00
stall_amo_aq                                          0                0.00                0.00
stall_amo_rl                                         37                0.00                0.00
stall_total                                     3999232              100.00               83.50
======================================================================================================================================================================================
Per-Tile Bubble Stats
Bubble Type                                      Cycles        % of Bubbles   % of Total Cycles
======================================================================================================================================================================================
-----------------------------------------------------------------------------------  Tag 1         -----------------------------------------------------------------------------------
bubble_icache                                       352                0.40                0.01
bubble_branch_mispredict                          88334               99.60                1.84
bubble_jalr_mispredict                                6                0.01                0.00
bubble_total                                      88692              100.00                1.85
======================================================================================================================================================================================
Instruction Stats
Instruction                                       Count   % of Instructions
======================================================================================================================================================================================
-----------------------------------------------------------------------------------  Tag 1         -----------------------------------------------------------------------------------
instr_fadd                                            0                0.00
instr_fsub                                            0                0.00
instr_fmul                                            0                0.00
instr_fsgnj                                           0                0.00
instr_fsgnjn                                          0                0.00
instr_fsgnjx                                          0                0.00
instr_fmin                                            0                0.00
instr_fmax                                            0                0.00
instr_fcvt_s_w                                        0                0.00
instr_fcvt_s_wu                                       0                0.00
instr_fmv_w_x                                         0                0.00
instr_feq                                             0                0.00
instr_flt                                             0                0.00
instr_fle                                             0                0.00
instr_fcvt_w_s                                        0                0.00
instr_fcvt_wu_s                                       0                0.00
instr_fclass                                          0                0.00
instr_fmv_x_w                                         0                0.00
instr_local_ld                                       81                0.01
instr_local_st                                       89                0.01
instr_remote_ld_dram                             153870               21.93
instr_remote_ld_global                               19                0.00
instr_remote_ld_group                                 0                0.00
instr_remote_st_dram                                  0                0.00
instr_remote_st_global                               47                0.01
instr_remote_st_group                                 0                0.00
instr_local_flw                                       0                0.00
instr_local_fsw                                       0                0.00
instr_remote_flw                                      0                0.00
instr_remote_fsw                                      0                0.00
instr_lr                                              0                0.00
instr_lr_aq                                           0                0.00
instr_amoswap                                        21                0.00
instr_amoor                                           0                0.00
instr_beq                                         65612                9.35
instr_bne                                         65629                9.35
instr_blt                                             3                0.00
instr_bge                                        109685               15.63
instr_bltu                                            2                0.00
instr_bgeu                                            3                0.00
instr_jalr                                            4                0.00
instr_jal                                             9                0.00
instr_sll                                             0                0.00
instr_slli                                            5                0.00
instr_srl                                             0                0.00
instr_srli                                            0                0.00
instr_sra                                             0                0.00
instr_srai                                            2                0.00
instr_add                                            65                0.01
instr_addi                                       262404               37.39
instr_sub                                         44149                6.29
instr_lui                                            23                0.00
instr_auipc                                           0                0.00
instr_xor                                             0                0.00
instr_xori                                            0                0.00
instr_or                                              3                0.00
instr_ori                                             1                0.00
instr_and                                             3                0.00
instr_andi                                           13                0.00
instr_slt                                             0                0.00
instr_slti                                            0                0.00
instr_sltu                                            0                0.00
instr_sltiu                                           0                0.00
instr_mul                                             1                0.00
instr_mulh                                            0                0.00
instr_mulhsu                                          0                0.00
instr_mulhu                                           0                0.00
instr_div                                             0                0.00
instr_divu                                            2                0.00
instr_rem                                             0                0.00
instr_remu                                            2                0.00
instr_fence                                           0                0.00
instr_total                                      701747              100.00
======================================================================================================================================================================================

