Per-Tile Stats
Tag ID                 Aggr Instructions      Aggr I$ Misses   Aggr Stall Cycles  Aggr Bubble Cycles   Aggr Total Cycles    Abs Total Cycles                 IPC    % of Kernel Cycles
======================================================================================================================================================================================
1                                 702228                  87             4003449               88772             4794405             4794405              0.1465                 inf
======================================================================================================================================================================================

Per-Tile Timing Stats
Relative Tile Coordinate (Y,X)                    instr               cycle                 IPC    Tile / Tag-Total (%)    Tile / Kernel-Total (%)
======================================================================================================================================================================================
-----------------------------------------------------------------------------------  Tag 1         -----------------------------------------------------------------------------------
2 , 2                                            702228             4794405              0.1465                6.25                 inf
======================================================================================================================================================================================

Per-Tile Miss Stats
Miss Type                                          miss               total            hit rate
======================================================================================================================================================================================
-----------------------------------------------------------------------------------  Tag 1         -----------------------------------------------------------------------------------
miss_icache                                          87              702228                1.00
miss_beq                                          44193               65724                0.33
miss_bne                                              7               65628                1.00
miss_blt                                              1                   2                0.50
miss_bge                                              6              109727                1.00
miss_bltu                                             1                   2                0.50
miss_bgeu                                             1                   2                0.50
miss_jalr                                             3                   4                0.25
miss_total                                        44299              702228                0.94
======================================================================================================================================================================================

Per-Tile Stall Stats
Stall Type                                       Cycles   % of Stall Cycles   % of Total Cycles
======================================================================================================================================================================================
-----------------------------------------------------------------------------------  Tag 1         -----------------------------------------------------------------------------------
stall_fp_remote_load                                  0                0.00                0.00
stall_fp_local_load                                   0                0.00                0.00
stall_depend                                    4002203               99.97               83.48
  stall_depend_remote_load_dram                 3999805               99.91               83.43
  stall_depend_remote_load_global                  2395                0.06                0.05
  stall_depend_remote_load_group                      0                0.00                0.00
  stall_depend_local_load                             3                0.00                0.00
stall_force_wb                                        0                0.00                0.00
stall_ifetch_wait                                  1103                0.03                0.02
stall_icache_store                                    0                0.00                0.00
stall_lr_aq                                           0                0.00                0.00
stall_md                                            119                0.00                0.00
stall_remote_req                                      0                0.00                0.00
stall_local_flw                                       0                0.00                0.00
stall_amo_aq                                          0                0.00                0.00
stall_amo_rl                                         24                0.00                0.00
stall_total                                     4003449              100.00               83.50
======================================================================================================================================================================================
Per-Tile Bubble Stats
Bubble Type                                      Cycles        % of Bubbles   % of Total Cycles
======================================================================================================================================================================================
-----------------------------------------------------------------------------------  Tag 1         -----------------------------------------------------------------------------------
bubble_icache                                       348                0.39                0.01
bubble_branch_mispredict                          88418               99.60                1.84
bubble_jalr_mispredict                                6                0.01                0.00
bubble_total                                      88772              100.00                1.85
======================================================================================================================================================================================
Instruction Stats
Instruction                                       Count   % of Instructions
======================================================================================================================================================================================
-----------------------------------------------------------------------------------  Tag 1         -----------------------------------------------------------------------------------
instr_fadd                                            0                0.00
instr_fsub                                            0                0.00
instr_fmul                                            0                0.00
instr_fsgnj                                           0                0.00
instr_fsgnjn                                          0                0.00
instr_fsgnjx                                          0                0.00
instr_fmin                                            0                0.00
instr_fmax                                            0                0.00
instr_fcvt_s_w                                        0                0.00
instr_fcvt_s_wu                                       0                0.00
instr_fmv_w_x                                         0                0.00
instr_feq                                             0                0.00
instr_flt                                             0                0.00
instr_fle                                             0                0.00
instr_fcvt_w_s                                        0                0.00
instr_fcvt_wu_s                                       0                0.00
instr_fclass                                          0                0.00
instr_fmv_x_w                                         0                0.00
instr_local_ld                                       79                0.01
instr_local_st                                       87                0.01
instr_remote_ld_dram                             153953               21.92
instr_remote_ld_global                              131                0.02
instr_remote_ld_group                                 0                0.00
instr_remote_st_dram                                  0                0.00
instr_remote_st_global                               46                0.01
instr_remote_st_group                                 0                0.00
instr_local_flw                                       0                0.00
instr_local_fsw                                       0                0.00
instr_remote_flw                                      0                0.00
instr_remote_fsw                                      0                0.00
instr_lr                                              0                0.00
instr_lr_aq                                           0                0.00
instr_amoswap                                       133                0.02
instr_amoor                                           0                0.00
instr_beq                                         65724                9.36
instr_bne                                         65628                9.35
instr_blt                                             2                0.00
instr_bge                                        109727               15.63
instr_bltu                                            2                0.00
instr_bgeu                                            2                0.00
instr_jalr                                            4                0.00
instr_jal                                             9                0.00
instr_sll                                             0                0.00
instr_slli                                            5                0.00
instr_srl                                             0                0.00
instr_srli                                            0                0.00
instr_sra                                             0                0.00
instr_srai                                            2                0.00
instr_add                                            60                0.01
instr_addi                                       262398               37.37
instr_sub                                         44190                6.29
instr_lui                                            23                0.00
instr_auipc                                           0                0.00
instr_xor                                             0                0.00
instr_xori                                            0                0.00
instr_or                                              3                0.00
instr_ori                                             1                0.00
instr_and                                             3                0.00
instr_andi                                           13                0.00
instr_slt                                             0                0.00
instr_slti                                            0                0.00
instr_sltu                                            0                0.00
instr_sltiu                                           0                0.00
instr_mul                                             1                0.00
instr_mulh                                            0                0.00
instr_mulhsu                                          0                0.00
instr_mulhu                                           0                0.00
instr_div                                             0                0.00
instr_divu                                            1                0.00
instr_rem                                             0                0.00
instr_remu                                            1                0.00
instr_fence                                           0                0.00
instr_total                                      702228              100.00
======================================================================================================================================================================================

