Per-Tag Stats
Tag ID                      Instructions           I$ Misses        Stall Cycles       Bubble Cycles        Total Cycles                 IPC    % of Kernel Cycles
======================================================================================================================================================================
1                                3854546                 660            22820555             1044884            27720645              0.1390                 inf
======================================================================================================================================================================

Per-Tile-Group Timing Stats
Tile Group ID                              Instructions              Cycles                 IPC   TG / Tag-Total (%)   TG / Kernel-Total(%)
======================================================================================================================================================================
---------------------------------------------------------------------------  Tag 1   ---------------------------------------------------------------------------
0                                               3854360             9482948              0.4065               34.21                 inf
total                                           3854546            27720645              0.1390              100.00                 inf
======================================================================================================================================================================

Per-Tag Miss Stats
Miss Type                                        Misses            Accesses        Hit Rate (%)
======================================================================================================================================================================
---------------------------------------------------------------------------  Tag 1   ---------------------------------------------------------------------------
miss_icache                                         660             3854546               99.98
miss_beq                                         374113              444977               15.93
miss_bne                                          92102              519607               82.27
miss_blt                                          32768               32768                0.00
miss_bge                                          22137               32796               32.50
miss_bltu                                             0                   0              100.00
miss_bgeu                                             0                   0              100.00
miss_jalr                                             2                  14               85.71
miss_total                                       521782             3854546               86.46
======================================================================================================================================================================

Per-Tag Stall Stats
Stall Type                                       Cycles      % Stall Cycles      % Total Cycles
======================================================================================================================================================================
---------------------------------------------------------------------------  Tag 1   ---------------------------------------------------------------------------
stall_fp_remote_load                                  0                0.00                0.00
stall_fp_local_load                                   0                0.00                0.00
stall_depend                                   22810938               99.96               82.29
  stall_depend_remote_load_dram                22810938               99.96               82.29
  stall_depend_remote_load_global                     0                0.00                0.00
  stall_depend_remote_load_group                      0                0.00                0.00
  stall_depend_local_load                             0                0.00                0.00
stall_force_wb                                        0                0.00                0.00
stall_ifetch_wait                                  8935                0.04                0.03
stall_icache_store                                    0                0.00                0.00
stall_lr_aq                                           0                0.00                0.00
stall_md                                            518                0.00                0.00
stall_remote_req                                    164                0.00                0.00
stall_local_flw                                       0                0.00                0.00
stall_amo_aq                                          0                0.00                0.00
stall_amo_rl                                          0                0.00                0.00
stall_total                                    22820555              100.00               82.32
======================================================================================================================================================================

Per-Tag Bubble Stats
Bubble Type                                      Cycles        % of Bubbles   % of Total Cycles
======================================================================================================================================================================
---------------------------------------------------------------------------  Tag 1   ---------------------------------------------------------------------------
bubble_icache                                      2640                0.25                0.01
bubble_branch_mispredict                        1042240               99.75                3.76
bubble_jalr_mispredict                                4                0.00                0.00
bubble_total                                    1044884              100.00                3.77
======================================================================================================================================================================

Per-Tag Instruction Stats
Instruction                                       Count   % of Instructions
======================================================================================================================================================================
---------------------------------------------------------------------------  Tag 1   ---------------------------------------------------------------------------
instr_fadd                                            0                0.00
instr_fsub                                            0                0.00
instr_fmul                                            0                0.00
instr_fsgnj                                           0                0.00
instr_fsgnjn                                          0                0.00
instr_fsgnjx                                          0                0.00
instr_fmin                                            0                0.00
instr_fmax                                            0                0.00
instr_fcvt_s_w                                        0                0.00
instr_fcvt_s_wu                                       0                0.00
instr_fmv_w_x                                         0                0.00
instr_feq                                             0                0.00
instr_flt                                             0                0.00
instr_fle                                             0                0.00
instr_fcvt_w_s                                        0                0.00
instr_fcvt_wu_s                                       0                0.00
instr_fclass                                          0                0.00
instr_fmv_x_w                                         0                0.00
instr_local_ld                                      120                0.00
instr_local_st                                        8                0.00
instr_remote_ld_dram                             997358               25.87
instr_remote_ld_global                                0                0.00
instr_remote_ld_group                                 0                0.00
instr_remote_st_dram                             118876                3.08
instr_remote_st_global                            59452                1.54
instr_remote_st_group                                 0                0.00
instr_local_flw                                       0                0.00
instr_local_fsw                                       0                0.00
instr_remote_flw                                      0                0.00
instr_remote_fsw                                      0                0.00
instr_lr                                              0                0.00
instr_lr_aq                                           0                0.00
instr_amoswap                                         0                0.00
instr_amoor                                           0                0.00
instr_beq                                        444977               11.54
instr_bne                                        519607               13.48
instr_blt                                         32768                0.85
instr_bge                                         32796                0.85
instr_bltu                                            0                0.00
instr_bgeu                                            0                0.00
instr_jalr                                           14                0.00
instr_jal                                          3038                0.08
instr_sll                                             0                0.00
instr_slli                                       526582               13.66
instr_srl                                             0                0.00
instr_srli                                            0                0.00
instr_sra                                             0                0.00
instr_srai                                           28                0.00
instr_add                                        570842               14.81
instr_addi                                       515168               13.37
instr_sub                                         32768                0.85
instr_lui                                            32                0.00
instr_auipc                                           0                0.00
instr_xor                                             0                0.00
instr_xori                                            0                0.00
instr_or                                             42                0.00
instr_ori                                             0                0.00
instr_and                                            42                0.00
instr_andi                                           14                0.00
instr_slt                                             0                0.00
instr_slti                                            0                0.00
instr_sltu                                            0                0.00
instr_sltiu                                           0                0.00
instr_mul                                            14                0.00
instr_mulh                                            0                0.00
instr_mulhsu                                          0                0.00
instr_mulhu                                           0                0.00
instr_div                                             0                0.00
instr_divu                                            0                0.00
instr_rem                                             0                0.00
instr_remu                                            0                0.00
instr_fence                                           0                0.00
instr_total                                     3854546              100.00
======================================================================================================================================================================

Per-Tile Timing Stats
Relative Tile Coordinate (Y,X)             Instructions              Cycles                 IPC   Tile / Tag-Total (%)   Tile / Kernel-Total(%)
======================================================================================================================================================================
---------------------------------------------------------------------------  Tag 1   ---------------------------------------------------------------------------
0 , 0                                           1904042            13926207              0.1367               50.24                 inf
0 , 1                                           1950036            13785601              0.1415               49.73                 inf
0 , 2                                                 0                   0                 nan                0.00                 nan
0 , 3                                                 0                   0                 nan                0.00                 nan
1 , 0                                                39                 798              0.0489                0.00                 inf
1 , 1                                                39                 752              0.0519                0.00                 inf
1 , 2                                                39                 730              0.0534                0.00                 inf
1 , 3                                                39                 781              0.0499                0.00                 inf
2 , 0                                                39                 769              0.0507                0.00                 inf
2 , 1                                                39                 740              0.0527                0.00                 inf
2 , 2                                                39                 662              0.0589                0.00                 inf
2 , 3                                                39                 707              0.0552                0.00                 inf
3 , 0                                                39                 767              0.0508                0.00                 inf
3 , 1                                                39                 755              0.0517                0.00                 inf
3 , 2                                                39                 706              0.0552                0.00                 inf
3 , 3                                                39                 670              0.0582                0.00                 inf
total                                           3854546            27720645              0.1390              100.00                 inf
======================================================================================================================================================================

